[06-Nov-2025 09:40:06 America/Sao_Paulo] Tentando inserir produto: loja_id=26, nome=abcd, lote=20
[06-Nov-2025 09:40:06 America/Sao_Paulo] Produto inserido com sucesso: ID=99
[06-Nov-2025 09:40:06 America/Sao_Paulo] Importação finalizada: 0 produtos importados, 1 erros
[06-Nov-2025 09:41:18 America/Sao_Paulo] Tentando inserir produto: loja_id=26, nome=abcd, lote=20
[06-Nov-2025 09:41:18 America/Sao_Paulo] Produto inserido com sucesso: ID=100
[06-Nov-2025 09:41:18 America/Sao_Paulo] Inserindo movimentação: produto_id=100, qtd=50, data=2025-11-06, usuario=26, custo=10
[06-Nov-2025 09:41:18 America/Sao_Paulo] Importação finalizada: 0 produtos importados, 1 erros
[06-Nov-2025 09:43:03 America/Sao_Paulo] Valor original da data: 11/6/2025
[06-Nov-2025 09:43:03 America/Sao_Paulo] Data processada: 2025-11-06
[06-Nov-2025 09:43:03 America/Sao_Paulo] Tentando inserir produto: loja_id=26, nome=abcd, lote=20
[06-Nov-2025 09:43:03 America/Sao_Paulo] Produto inserido com sucesso: ID=101
[06-Nov-2025 09:43:03 America/Sao_Paulo] Data processada com sucesso: 2025-11-06
[06-Nov-2025 09:43:03 America/Sao_Paulo] Inserindo movimentação: produto_id=101, qtd=50, data=2025-11-06, usuario=26, custo=10
[06-Nov-2025 09:43:03 America/Sao_Paulo] Importação finalizada: 0 produtos importados, 1 erros
[06-Nov-2025 09:44:11 America/Sao_Paulo] Conexão MySQL configurada com modo estrito e timezone
[06-Nov-2025 09:44:11 America/Sao_Paulo] Valor original da data: 11/6/2025
[06-Nov-2025 09:44:11 America/Sao_Paulo] Data processada: 2025-11-06
[06-Nov-2025 09:44:11 America/Sao_Paulo] Tentando inserir produto: loja_id=26, nome=abcd, lote=20
[06-Nov-2025 09:44:11 America/Sao_Paulo] Produto inserido com sucesso: ID=102
[06-Nov-2025 09:44:11 America/Sao_Paulo] Data processada com sucesso: 2025-11-06
[06-Nov-2025 09:44:11 America/Sao_Paulo] Preparando inserção de movimentação:
[06-Nov-2025 09:44:11 America/Sao_Paulo] - produto_id: 102
[06-Nov-2025 09:44:11 America/Sao_Paulo] - quantidade: 50
[06-Nov-2025 09:44:11 America/Sao_Paulo] - data_mov: 2025-11-06
[06-Nov-2025 09:44:11 America/Sao_Paulo] - usuario_id: 26
[06-Nov-2025 09:44:11 America/Sao_Paulo] - custo: 10
[06-Nov-2025 09:44:11 America/Sao_Paulo] Query preparada, tentando executar com data formatada: 2025-11-06
[06-Nov-2025 09:44:11 America/Sao_Paulo] Importação finalizada: 1 produtos importados, 0 erros
[07-Nov-2025 14:16:40 America/Sao_Paulo] Conexão MySQL configurada com modo estrito e timezone
[07-Nov-2025 14:16:41 America/Sao_Paulo] Valor original da data: 11/6/2025
[07-Nov-2025 14:16:41 America/Sao_Paulo] Data processada: 2025-11-06
[07-Nov-2025 14:16:41 America/Sao_Paulo] Tentando inserir produto: loja_id=4, nome=abcd, lote=20
[07-Nov-2025 14:16:41 America/Sao_Paulo] Produto inserido com sucesso: ID=6
[07-Nov-2025 14:16:41 America/Sao_Paulo] Data processada com sucesso: 2025-11-06
[07-Nov-2025 14:16:41 America/Sao_Paulo] Preparando inserção de movimentação:
[07-Nov-2025 14:16:41 America/Sao_Paulo] - produto_id: 6
[07-Nov-2025 14:16:41 America/Sao_Paulo] - quantidade: 50
[07-Nov-2025 14:16:41 America/Sao_Paulo] - data_mov: 2025-11-06
[07-Nov-2025 14:16:41 America/Sao_Paulo] - usuario_id: 4
[07-Nov-2025 14:16:41 America/Sao_Paulo] - custo: 10
[07-Nov-2025 14:16:41 America/Sao_Paulo] Query preparada, tentando executar com data formatada: 2025-11-06
[07-Nov-2025 14:16:41 America/Sao_Paulo] Importação finalizada: 1 produtos importados, 0 erros
[07-Nov-2025 14:33:05 America/Sao_Paulo] Conexão MySQL configurada com modo estrito e timezone
[07-Nov-2025 14:33:05 America/Sao_Paulo] Valor original da data: 11/6/2025
[07-Nov-2025 14:33:05 America/Sao_Paulo] Data processada: 2025-11-06
[07-Nov-2025 14:33:05 America/Sao_Paulo] Tentando inserir produto: loja_id=4, nome=abcd, lote=20
[07-Nov-2025 14:33:05 America/Sao_Paulo] PHP Warning:  Undefined variable $updated in C:\xampp\htdocs\DECKLOGISTIC\Pages\dashboard\tabelas\importacao.php on line 253
[07-Nov-2025 14:33:05 America/Sao_Paulo] Importação finalizada: 0 produtos importados, 0 erros
[07-Nov-2025 14:33:24 America/Sao_Paulo] Conexão MySQL configurada com modo estrito e timezone
[07-Nov-2025 14:33:24 America/Sao_Paulo] Valor original da data: 11/6/2025
[07-Nov-2025 14:33:24 America/Sao_Paulo] Data processada: 2025-11-06
[07-Nov-2025 14:33:24 America/Sao_Paulo] Tentando inserir produto: loja_id=4, nome=abcd, lote=20
[07-Nov-2025 14:33:24 America/Sao_Paulo] PHP Warning:  Undefined variable $updated in C:\xampp\htdocs\DECKLOGISTIC\Pages\dashboard\tabelas\importacao.php on line 253
[07-Nov-2025 14:33:24 America/Sao_Paulo] Importação finalizada: 0 produtos importados, 0 erros
[07-Nov-2025 14:35:03 America/Sao_Paulo] Conexão MySQL configurada com modo estrito e timezone
[07-Nov-2025 14:35:03 America/Sao_Paulo] Valor original da data: 11/6/2025
[07-Nov-2025 14:35:03 America/Sao_Paulo] Data processada: 2025-11-06
[07-Nov-2025 14:35:03 America/Sao_Paulo] Tentando inserir produto: loja_id=4, nome=abcd, lote=20
[07-Nov-2025 14:35:03 America/Sao_Paulo] PHP Warning:  Undefined variable $updated in C:\xampp\htdocs\DECKLOGISTIC\Pages\dashboard\tabelas\importacao.php on line 253
[07-Nov-2025 14:35:03 America/Sao_Paulo] Importação finalizada: 0 produtos importados, 0 erros
[07-Nov-2025 14:36:34 America/Sao_Paulo] Conexão MySQL configurada com modo estrito e timezone
[07-Nov-2025 14:36:34 America/Sao_Paulo] Valor original da data: 11/6/2025
[07-Nov-2025 14:36:34 America/Sao_Paulo] Data processada: 2025-11-06
[07-Nov-2025 14:36:34 America/Sao_Paulo] Tentando inserir produto: loja_id=4, nome=abcd, lote=20
[07-Nov-2025 14:36:53 America/Sao_Paulo] Conexão MySQL configurada com modo estrito e timezone
[07-Nov-2025 14:36:54 America/Sao_Paulo] Valor original da data: 11/6/2025
[07-Nov-2025 14:36:54 America/Sao_Paulo] Data processada: 2025-11-06
[07-Nov-2025 14:36:54 America/Sao_Paulo] Tentando inserir produto: loja_id=4, nome=abcd, lote=20
[07-Nov-2025 14:40:33 America/Sao_Paulo] Conexão MySQL configurada com modo estrito e timezone
[07-Nov-2025 14:40:33 America/Sao_Paulo] Valor original da data: 11/6/2025
[07-Nov-2025 14:40:33 America/Sao_Paulo] Data processada: 2025-11-06
[07-Nov-2025 14:40:33 America/Sao_Paulo] Tentando inserir produto: loja_id=4, nome=abcd, lote=20
[07-Nov-2025 14:44:01 America/Sao_Paulo] Conexão MySQL configurada com modo estrito e timezone
[07-Nov-2025 14:44:01 America/Sao_Paulo] Valor original da data: 11/6/2025
[07-Nov-2025 14:44:01 America/Sao_Paulo] Data processada: 2025-11-06
[07-Nov-2025 14:44:01 America/Sao_Paulo] Tentando inserir produto: loja_id=4, nome=abcd, lote=20
[07-Nov-2025 14:45:30 America/Sao_Paulo] Conexão MySQL configurada com modo estrito e timezone
[07-Nov-2025 14:45:30 America/Sao_Paulo] Valor original da data: 11/6/2025
[07-Nov-2025 14:45:30 America/Sao_Paulo] Data processada: 2025-11-06
[07-Nov-2025 14:45:30 America/Sao_Paulo] Tentando inserir produto: loja_id=4, nome=abcd, lote=20
[07-Nov-2025 14:47:07 America/Sao_Paulo] Conexão MySQL configurada com modo estrito e timezone
[07-Nov-2025 14:47:07 America/Sao_Paulo] Valor original da data: 11/6/2025
[07-Nov-2025 14:47:07 America/Sao_Paulo] Data processada: 2025-11-06
[07-Nov-2025 14:47:07 America/Sao_Paulo] Tentando inserir produto: loja_id=4, nome=abcd, lote=20
[07-Nov-2025 14:47:07 America/Sao_Paulo] PHP Warning:  Undefined variable $updated in C:\xampp\htdocs\DECKLOGISTIC\Pages\dashboard\tabelas\importacao.php on line 271
[07-Nov-2025 14:47:07 America/Sao_Paulo] Importação finalizada: 0 produtos importados, 0 erros
[07-Nov-2025 14:50:15 America/Sao_Paulo] Conexão MySQL configurada com modo estrito e timezone
[07-Nov-2025 14:50:15 America/Sao_Paulo] Valor original da data: 11/6/2025
[07-Nov-2025 14:50:15 America/Sao_Paulo] Data processada: 2025-11-06
[07-Nov-2025 14:50:15 America/Sao_Paulo] Tentando inserir produto: loja_id=4, nome=CELULAR, lote=20
[07-Nov-2025 14:50:15 America/Sao_Paulo] PHP Warning:  Undefined variable $updated in C:\xampp\htdocs\DECKLOGISTIC\Pages\dashboard\tabelas\importacao.php on line 271
[07-Nov-2025 14:50:15 America/Sao_Paulo] Importação finalizada: 0 produtos importados, 0 erros
[07-Nov-2025 14:54:32 America/Sao_Paulo] Conexão MySQL configurada com modo estrito e timezone
[07-Nov-2025 14:54:32 America/Sao_Paulo] Valor original da data: 11/6/2025
[07-Nov-2025 14:54:32 America/Sao_Paulo] Data processada: 2025-11-06
[07-Nov-2025 14:54:32 America/Sao_Paulo] Tentando inserir produto: loja_id=4, nome=CELULAR, lote=20
[07-Nov-2025 14:54:32 America/Sao_Paulo] PHP Warning:  Undefined variable $updated in C:\xampp\htdocs\DECKLOGISTIC\Pages\dashboard\tabelas\importacao.php on line 271
[07-Nov-2025 14:54:32 America/Sao_Paulo] Importação finalizada: 0 produtos importados, 0 erros
[07-Nov-2025 14:57:54 America/Sao_Paulo] Conexão MySQL configurada com modo estrito e timezone
[07-Nov-2025 14:57:54 America/Sao_Paulo] Valor original da data: 11/6/2025
[07-Nov-2025 14:57:54 America/Sao_Paulo] Data processada: 2025-11-06
[07-Nov-2025 14:57:54 America/Sao_Paulo] Tentando inserir produto: loja_id=4, nome=CELULAR, lote=20
[07-Nov-2025 14:57:54 America/Sao_Paulo] PHP Warning:  Undefined variable $updated in C:\xampp\htdocs\DECKLOGISTIC\Pages\dashboard\tabelas\importacao.php on line 271
[07-Nov-2025 14:57:54 America/Sao_Paulo] Importação finalizada: 0 produtos importados, 0 erros
[07-Nov-2025 15:03:42 America/Sao_Paulo] Conexão MySQL configurada com modo estrito e timezone
[07-Nov-2025 15:03:42 America/Sao_Paulo] Valor original da data: 11/6/2025
[07-Nov-2025 15:03:42 America/Sao_Paulo] Data processada: 2025-11-06
[07-Nov-2025 15:03:42 America/Sao_Paulo] Tentando inserir produto: loja_id=4, nome=CELULAR, lote=20
[07-Nov-2025 15:03:42 America/Sao_Paulo] PHP Warning:  Undefined variable $updated in C:\xampp\htdocs\DECKLOGISTIC\Pages\dashboard\tabelas\importacao.php on line 271
[07-Nov-2025 15:03:42 America/Sao_Paulo] Importação finalizada: 0 produtos importados, 0 erros
[07-Nov-2025 15:05:01 America/Sao_Paulo] Conexão MySQL configurada com modo estrito e timezone
[07-Nov-2025 15:05:01 America/Sao_Paulo] Valor original da data: 11/6/2025
[07-Nov-2025 15:05:01 America/Sao_Paulo] Data processada: 2025-11-06
[07-Nov-2025 15:05:01 America/Sao_Paulo] Tentando inserir produto: loja_id=4, nome=peixe, lote=20
[07-Nov-2025 15:05:01 America/Sao_Paulo] PHP Warning:  Undefined variable $updated in C:\xampp\htdocs\DECKLOGISTIC\Pages\dashboard\tabelas\importacao.php on line 271
[07-Nov-2025 15:05:01 America/Sao_Paulo] Importação finalizada: 0 produtos importados, 0 erros
[07-Nov-2025 15:09:29 America/Sao_Paulo] Conexão MySQL configurada com modo estrito e timezone
[07-Nov-2025 15:09:29 America/Sao_Paulo] Valor original da data: 11/6/2025
[07-Nov-2025 15:09:29 America/Sao_Paulo] Data processada: 2025-11-06
[07-Nov-2025 15:09:29 America/Sao_Paulo] Tentando inserir produto: loja_id=4, nome=peixe, lote=20
[07-Nov-2025 15:09:29 America/Sao_Paulo] PHP Warning:  Undefined variable $updated in C:\xampp\htdocs\DECKLOGISTIC\Pages\dashboard\tabelas\importacao.php on line 271
[07-Nov-2025 15:09:29 America/Sao_Paulo] Importação finalizada: 0 produtos importados, 0 erros
[07-Nov-2025 15:09:55 America/Sao_Paulo] Conexão MySQL configurada com modo estrito e timezone
[07-Nov-2025 15:09:55 America/Sao_Paulo] Valor original da data: 11/6/2025
[07-Nov-2025 15:09:55 America/Sao_Paulo] Data processada: 2025-11-06
[07-Nov-2025 15:09:55 America/Sao_Paulo] Tentando inserir produto: loja_id=4, nome=abcd, lote=20
[07-Nov-2025 15:09:55 America/Sao_Paulo] PHP Warning:  Undefined variable $updated in C:\xampp\htdocs\DECKLOGISTIC\Pages\dashboard\tabelas\importacao.php on line 271
[07-Nov-2025 15:09:55 America/Sao_Paulo] Importação finalizada: 0 produtos importados, 0 erros
[07-Nov-2025 15:10:08 America/Sao_Paulo] Conexão MySQL configurada com modo estrito e timezone
[07-Nov-2025 15:10:08 America/Sao_Paulo] Valor original da data: 11/6/2025
[07-Nov-2025 15:10:08 America/Sao_Paulo] Data processada: 2025-11-06
[07-Nov-2025 15:10:08 America/Sao_Paulo] Tentando inserir produto: loja_id=4, nome=CELULAR, lote=20
[07-Nov-2025 15:10:08 America/Sao_Paulo] PHP Warning:  Undefined variable $tipo_login in C:\xampp\htdocs\DECKLOGISTIC\Pages\dashboard\tabelas\importacao.php on line 275
[07-Nov-2025 15:10:08 America/Sao_Paulo] PHP Warning:  Undefined variable $usuarioId in C:\xampp\htdocs\DECKLOGISTIC\Pages\dashboard\tabelas\importacao.php on line 275
[07-Nov-2025 15:10:08 America/Sao_Paulo] Importação finalizada: 1 produtos importados, 0 erros
[07-Nov-2025 15:16:02 America/Sao_Paulo] Conexão MySQL configurada com modo estrito e timezone
[07-Nov-2025 15:16:02 America/Sao_Paulo] Valor original da data: 11/6/2025
[07-Nov-2025 15:16:02 America/Sao_Paulo] Data processada: 2025-11-06
[07-Nov-2025 15:16:02 America/Sao_Paulo] Tentando inserir produto: loja_id=4, nome=CELULAR, lote=20
[07-Nov-2025 15:16:02 America/Sao_Paulo] Importação finalizada: 0 produtos importados, 0 erros
[07-Nov-2025 15:16:15 America/Sao_Paulo] Conexão MySQL configurada com modo estrito e timezone
[07-Nov-2025 15:16:15 America/Sao_Paulo] Valor original da data: 11/6/2025
[07-Nov-2025 15:16:15 America/Sao_Paulo] Data processada: 2025-11-06
[07-Nov-2025 15:16:15 America/Sao_Paulo] Tentando inserir produto: loja_id=4, nome=peixe, lote=20
[07-Nov-2025 15:16:15 America/Sao_Paulo] Importação finalizada: 0 produtos importados, 0 erros
[14-Nov-2025 13:52:03 America/Sao_Paulo] Conexão MySQL configurada com modo estrito e timezone
[14-Nov-2025 13:52:03 America/Sao_Paulo] Valor original da data: 11/6/2025
[14-Nov-2025 13:52:03 America/Sao_Paulo] Data processada: 2025-11-06
[14-Nov-2025 13:52:03 America/Sao_Paulo] Tentando inserir produto: loja_id=1, nome=abcd, lote=20
[14-Nov-2025 13:52:03 America/Sao_Paulo] PHP Warning:  Undefined variable $tipo_login in C:\xampp\htdocs\DECKLOGISTIC\Pages\dashboard\tabelas\importacao.php on line 285
[14-Nov-2025 13:52:03 America/Sao_Paulo] PHP Warning:  Undefined variable $usuarioId in C:\xampp\htdocs\DECKLOGISTIC\Pages\dashboard\tabelas\importacao.php on line 285
[14-Nov-2025 13:52:03 America/Sao_Paulo] Importação finalizada: 1 produtos importados, 0 erros
[26-Nov-2025 14:35:10 America/Sao_Paulo] Conexão MySQL configurada com modo estrito e timezone
[26-Nov-2025 14:35:10 America/Sao_Paulo] Valor original da data: 11/26/2025
[26-Nov-2025 14:35:10 America/Sao_Paulo] Data processada: 2025-11-26
[26-Nov-2025 14:35:10 America/Sao_Paulo] Tentando inserir produto: loja_id=30, nome=IA, lote=123
[26-Nov-2025 14:35:10 America/Sao_Paulo] PHP Warning:  Undefined variable $tipo_login in C:\xampp\htdocs\DECKLOGISTIC\Pages\dashboard\tabelas\importacao.php on line 285
[26-Nov-2025 14:35:10 America/Sao_Paulo] PHP Warning:  Undefined variable $usuarioId in C:\xampp\htdocs\DECKLOGISTIC\Pages\dashboard\tabelas\importacao.php on line 285
[26-Nov-2025 14:35:10 America/Sao_Paulo] Importação finalizada: 0 produtos importados, 1 erros
